<?xml version="1.0" encoding="UTF-8"?>
<testsuite xmlns:xsi="http://www.w3.org/2001/XMLSchema-instance" xsi:schemaLocation="https://maven.apache.org/surefire/maven-surefire-plugin/xsd/surefire-test-report.xsd" name="com.cucumber.runner.TestRunner2" time="47.713" tests="12" errors="0" skipped="0" failures="0">
  <properties>
[...]
</properties>
  <testcase name="Given User launch the chrome browser" classname="Scenario: User verifies login functionality of the application" time="0"/>
  <testcase name="When User hit the amazon application" classname="Scenario: User verifies login functionality of the application" time="0"/>
  <testcase name="And User mouse over the show by category menu" classname="Scenario: User verifies login functionality of the application" time="0"/>
  <testcase name="And User mouse over the mobile,application menu" classname="Scenario: User verifies login functionality of the application" time="0"/>
  <testcase name="And User mouse over the subcategory powerbank" classname="Scenario: User verifies login functionality of the application" time="0"/>
  <testcase name="And User click the subcategory powerbank" classname="Scenario: User verifies login functionality of the application" time="0.004"/>
  <testcase name="And User click the powerbank image" classname="Scenario: User verifies login functionality of the application" time="0"/>
  <testcase name="And User click the powerbank item" classname="Scenario: User verifies login functionality of the application" time="0.004"/>
  <testcase name="And User click the Add to cart" classname="Scenario: User verifies login functionality of the application" time="0"/>
  <testcase name="And User click the cart" classname="Scenario: User verifies login functionality of the application" time="0"/>
  <testcase name="Then User checkout the item" classname="Scenario: User verifies login functionality of the application" time="0"/>
  <testcase name="Scenario: User verifies login functionality of the application" classname="Scenario: User verifies login functionality of the application" time="0"/>
</testsuite>