<?xml version="1.0" encoding="UTF-8" ?>
<testsuite tests="40" failures="6" name="com.cucumber.runner.TestRunner2" time="0.041" errors="0" skipped="3">
  <properties>
[...]
</properties>
  <testcase classname="Scenario: User verifies login" name="Given User launch application" time="0.001"/>
  <testcase classname="Scenario: User verifies login" name="When User enter username" time="0"/>
  <testcase classname="Scenario: User verifies login" name="And User enter password" time="0"/>
  <testcase classname="Scenario: User verifies login" name="Then User verifies crendentials" time="0"/>
  <testcase classname="Scenario: User verifies login" name="Scenario: User verifies login" time="0"/>
  <testcase classname="Scenario: User verifies login by passing paramters" name="Given User launch application" time="0"/>
  <testcase classname="Scenario: User verifies login by passing paramters" name="When User enter username &apos;ABC&apos;" time="0"/>
  <testcase classname="Scenario: User verifies login by passing paramters" name="And User enter password &apos;@XYZ&apos;" time="0.006">
    <failure type="java.lang.AssertionError">java.lang.AssertionError
	at org.junit.Assert.fail(Assert.java:86)
	at org.junit.Assert.fail(Assert.java:95)
	at com.cucumber.stepdefinition.StepDefintion_demo.user_enter_passwor(StepDefintion_demo.java:43)
	at ✽.And User enter password &apos;@XYZ&apos;(Cucumber_Demo.feature:18)
</failure>
    <system-out>@XYZ
</system-out>
  </testcase>
  <testcase classname="Scenario: User verifies login by passing paramters" name="Scenario: User verifies login by passing paramters" time="0.008">
    <failure type="java.lang.AssertionError">java.lang.AssertionError
	at org.junit.Assert.fail(Assert.java:86)
	at org.junit.Assert.fail(Assert.java:95)
	at com.cucumber.stepdefinition.StepDefintion_demo.user_enter_passwor(StepDefintion_demo.java:43)
	at ✽.And User enter password &apos;@XYZ&apos;(Cucumber_Demo.feature:18)
</failure>
  </testcase>
  <testcase classname="Scenario: User verifies login by passing paramters" name="Then User verifies crendentials" time="0.008">
    <skipped/>
  </testcase>
  <testcase classname="| ABC | @XYZ |" name="Given User launch application" time="0"/>
  <testcase classname="| ABC | @XYZ |" name="When User enter username &apos;ABC&apos;" time="0"/>
  <testcase classname="| ABC | @XYZ |" name="And User enter password &apos;@XYZ&apos;" time="0.001">
    <failure type="java.lang.AssertionError">java.lang.AssertionError
	at org.junit.Assert.fail(Assert.java:86)
	at org.junit.Assert.fail(Assert.java:95)
	at com.cucumber.stepdefinition.StepDefintion_demo.user_enter_passwor(StepDefintion_demo.java:43)
	at ✽.And User enter password &apos;@XYZ&apos;(Cucumber_Demo.feature:24)
</failure>
    <system-out>@XYZ
</system-out>
  </testcase>
  <testcase classname="| ABC | @XYZ |" name="| ABC | @XYZ |" time="0.001">
    <failure type="java.lang.AssertionError">java.lang.AssertionError
	at org.junit.Assert.fail(Assert.java:86)
	at org.junit.Assert.fail(Assert.java:95)
	at com.cucumber.stepdefinition.StepDefintion_demo.user_enter_passwor(StepDefintion_demo.java:43)
	at ✽.And User enter password &apos;@XYZ&apos;(Cucumber_Demo.feature:24)
</failure>
  </testcase>
  <testcase classname="| ABC | @XYZ |" name="Then User verifies crendentials" time="0.002">
    <skipped/>
  </testcase>
  <testcase classname="| MNO | @XYZ |" name="Given User launch application" time="0"/>
  <testcase classname="| MNO | @XYZ |" name="When User enter username &apos;MNO&apos;" time="0"/>
  <testcase classname="| MNO | @XYZ |" name="And User enter password &apos;@XYZ&apos;" time="0.002">
    <failure type="java.lang.AssertionError">java.lang.AssertionError
	at org.junit.Assert.fail(Assert.java:86)
	at org.junit.Assert.fail(Assert.java:95)
	at com.cucumber.stepdefinition.StepDefintion_demo.user_enter_passwor(StepDefintion_demo.java:43)
	at ✽.And User enter password &apos;@XYZ&apos;(Cucumber_Demo.feature:24)
</failure>
    <system-out>@XYZ
</system-out>
  </testcase>
  <testcase classname="| MNO | @XYZ |" name="| MNO | @XYZ |" time="0.003">
    <failure type="java.lang.AssertionError">java.lang.AssertionError
	at org.junit.Assert.fail(Assert.java:86)
	at org.junit.Assert.fail(Assert.java:95)
	at com.cucumber.stepdefinition.StepDefintion_demo.user_enter_passwor(StepDefintion_demo.java:43)
	at ✽.And User enter password &apos;@XYZ&apos;(Cucumber_Demo.feature:24)
</failure>
  </testcase>
  <testcase classname="| MNO | @XYZ |" name="Then User verifies crendentials" time="0.004">
    <skipped/>
  </testcase>
  <testcase classname="Scenario: User verifies login using list of data" name="Given User launch application" time="0.001"/>
  <testcase classname="Scenario: User verifies login using list of data" name="When User enter username and password" time="0"/>
  <testcase classname="Scenario: User verifies login using list of data" name="Then User verifies crendentials" time="0"/>
  <testcase classname="Scenario: User verifies login using list of data" name="Scenario: User verifies login using list of data" time="0.001"/>
  <testcase classname="Scenario: User verifies login using list of map" name="Given User launch application" time="0"/>
  <testcase classname="Scenario: User verifies login using list of map" name="When User enter username and password using map" time="0"/>
  <testcase classname="Scenario: User verifies login using list of map" name="Then User verifies crendentials" time="0.001"/>
  <testcase classname="Scenario: User verifies login using list of map" name="Scenario: User verifies login using list of map" time="0.002"/>
  <testcase classname="Scenario: User verifies login functionality of the application" name="Given User launch the chrome browser" time="0"/>
  <testcase classname="Scenario: User verifies login functionality of the application" name="When User hit the amazon application" time="0"/>
  <testcase classname="Scenario: User verifies login functionality of the application" name="And User mouse over the show by category menu" time="0"/>
  <testcase classname="Scenario: User verifies login functionality of the application" name="And User mouse over the mobile,application menu" time="0"/>
  <testcase classname="Scenario: User verifies login functionality of the application" name="And User mouse over the subcategory powerbank" time="0"/>
  <testcase classname="Scenario: User verifies login functionality of the application" name="And User click the subcategory powerbank" time="0"/>
  <testcase classname="Scenario: User verifies login functionality of the application" name="And User click the powerbank image" time="0"/>
  <testcase classname="Scenario: User verifies login functionality of the application" name="And User click the powerbank item" time="0"/>
  <testcase classname="Scenario: User verifies login functionality of the application" name="And User click the Add to cart" time="0"/>
  <testcase classname="Scenario: User verifies login functionality of the application" name="And User click the cart" time="0"/>
  <testcase classname="Scenario: User verifies login functionality of the application" name="Then User checkout the item" time="0"/>
  <testcase classname="Scenario: User verifies login functionality of the application" name="Scenario: User verifies login functionality of the application" time="0"/>
</testsuite>