<?xml version="1.0" encoding="UTF-8" ?>
<testsuite tests="40" failures="6" name="com.cucumber.runner.TestRunner2" time="0.041" errors="0" skipped="3">
  <properties>
    <property name="java.runtime.name" value="Java(TM) SE Runtime Environment"/>
    <property name="sun.boot.library.path" value="C:\Program Files\Java\jdk1.8.0_181\jre\bin"/>
    <property name="java.vm.version" value="25.181-b13"/>
    <property name="java.vm.vendor" value="Oracle Corporation"/>
    <property name="maven.multiModuleProjectDirectory" value="D:\New folder\Study\cucumber"/>
    <property name="java.vendor.url" value="http://java.oracle.com/"/>
    <property name="path.separator" value=";"/>
    <property name="guice.disable.misplaced.annotation.check" value="true"/>
    <property name="java.vm.name" value="Java HotSpot(TM) 64-Bit Server VM"/>
    <property name="file.encoding.pkg" value="sun.io"/>
    <property name="user.script" value=""/>
    <property name="user.country" value="IN"/>
    <property name="sun.java.launcher" value="SUN_STANDARD"/>
    <property name="sun.os.patch.level" value=""/>
    <property name="java.vm.specification.name" value="Java Virtual Machine Specification"/>
    <property name="user.dir" value="D:\New folder\Study\cucumber"/>
    <property name="java.runtime.version" value="1.8.0_181-b13"/>
    <property name="java.awt.graphicsenv" value="sun.awt.Win32GraphicsEnvironment"/>
    <property name="java.endorsed.dirs" value="C:\Program Files\Java\jdk1.8.0_181\jre\lib\endorsed"/>
    <property name="os.arch" value="amd64"/>
    <property name="java.io.tmpdir" value="C:\Users\Hari\AppData\Local\Temp\"/>
    <property name="line.separator" value="
"/>
    <property name="java.vm.specification.vendor" value="Oracle Corporation"/>
    <property name="user.variant" value=""/>
    <property name="os.name" value="Windows 10"/>
    <property name="classworlds.conf" value="D:\New folder\Study\.metadata\.plugins\org.eclipse.m2e.launching\launches\m2conf2603034400801341491.tmp"/>
    <property name="sun.jnu.encoding" value="Cp1252"/>
    <property name="java.library.path" value="C:\Program Files\Java\jdk1.8.0_181\jre\bin;C:\WINDOWS\Sun\Java\bin;C:\WINDOWS\system32;C:\WINDOWS;C:/Program Files/Java/jre1.8.0_191/bin/server;C:/Program Files/Java/jre1.8.0_191/bin;C:/Program Files/Java/jre1.8.0_191/lib/amd64;C:\Program Files (x86)\Common Files\Oracle\Java\javapath;C:\Program Files (x86)\Intel\iCLS Client\;C:\Program Files\Intel\iCLS Client\;C:\WINDOWS\system32;C:\WINDOWS;C:\WINDOWS\System32\Wbem;C:\WINDOWS\System32\WindowsPowerShell\v1.0\;C:\Program Files (x86)\Intel\Intel(R) Management Engine Components\DAL;C:\Program Files\Intel\Intel(R) Management Engine Components\DAL;C:\Program Files (x86)\Intel\Intel(R) Management Engine Components\IPT;C:\Program Files\Intel\Intel(R) Management Engine Components\IPT;c:\Program Files (x86)\Microsoft SQL Server\90\Tools\binn\;C:\Program Files\Microsoft SQL Server\110\Tools\Binn\;C:\Program Files (x86)\Microsoft SQL Server\110\Tools\Binn\;C:\Program Files\Microsoft SQL Server\110\DTS\Binn\;C:\Program Files (x86)\Microsoft SQL Server\110\Tools\Binn\ManagementStudio\;C:\Program Files (x86)\Microsoft Visual Studio 10.0\Common7\IDE\PrivateAssemblies\;C:\Program Files (x86)\Microsoft SQL Server\110\DTS\Binn\;C:\WINDOWS\System32\OpenSSH\;D:\New folder\Study\Framework\apache-maven-3.6.0-bin (1)\apache-maven-3.6.0\bin;C:\Users\Hari\AppData\Local\Microsoft\WindowsApps;;D:\New folder\Study;;."/>
    <property name="java.specification.name" value="Java Platform API Specification"/>
    <property name="java.class.version" value="52.0"/>
    <property name="sun.management.compiler" value="HotSpot 64-Bit Tiered Compilers"/>
    <property name="os.version" value="10.0"/>
    <property name="user.home" value="C:\Users\Hari"/>
    <property name="user.timezone" value="Asia/Calcutta"/>
    <property name="java.awt.printerjob" value="sun.awt.windows.WPrinterJob"/>
    <property name="java.specification.version" value="1.8"/>
    <property name="file.encoding" value="Cp1252"/>
    <property name="user.name" value="Hari"/>
    <property name="java.class.path" value="C:\Users\Hari\.p2\pool\plugins\org.eclipse.m2e.maven.runtime_1.9.1.20180912-1600\jars\plexus-classworlds-2.5.2.jar"/>
    <property name="java.vm.specification.version" value="1.8"/>
    <property name="sun.arch.data.model" value="64"/>
    <property name="java.home" value="C:\Program Files\Java\jdk1.8.0_181\jre"/>
    <property name="sun.java.command" value="org.codehaus.plexus.classworlds.launcher.Launcher -B clean test"/>
    <property name="java.specification.vendor" value="Oracle Corporation"/>
    <property name="user.language" value="en"/>
    <property name="awt.toolkit" value="sun.awt.windows.WToolkit"/>
    <property name="java.vm.info" value="mixed mode"/>
    <property name="java.version" value="1.8.0_181"/>
    <property name="java.ext.dirs" value="C:\Program Files\Java\jdk1.8.0_181\jre\lib\ext;C:\WINDOWS\Sun\Java\lib\ext"/>
    <property name="sun.boot.class.path" value="C:\Program Files\Java\jdk1.8.0_181\jre\lib\resources.jar;C:\Program Files\Java\jdk1.8.0_181\jre\lib\rt.jar;C:\Program Files\Java\jdk1.8.0_181\jre\lib\sunrsasign.jar;C:\Program Files\Java\jdk1.8.0_181\jre\lib\jsse.jar;C:\Program Files\Java\jdk1.8.0_181\jre\lib\jce.jar;C:\Program Files\Java\jdk1.8.0_181\jre\lib\charsets.jar;C:\Program Files\Java\jdk1.8.0_181\jre\lib\jfr.jar;C:\Program Files\Java\jdk1.8.0_181\jre\classes"/>
    <property name="java.vendor" value="Oracle Corporation"/>
    <property name="maven.home" value="D:\New folder\Study\cucumber\EMBEDDED"/>
    <property name="file.separator" value="\"/>
    <property name="java.vendor.url.bug" value="http://bugreport.sun.com/bugreport/"/>
    <property name="sun.cpu.endian" value="little"/>
    <property name="sun.io.unicode.encoding" value="UnicodeLittle"/>
    <property name="sun.desktop" value="windows"/>
    <property name="sun.cpu.isalist" value="amd64"/>
  </properties>
  <testcase classname="Scenario: User verifies login" name="Given User launch application" time="0.001"/>
  <testcase classname="Scenario: User verifies login" name="When User enter username" time="0"/>
  <testcase classname="Scenario: User verifies login" name="And User enter password" time="0"/>
  <testcase classname="Scenario: User verifies login" name="Then User verifies crendentials" time="0"/>
  <testcase classname="Scenario: User verifies login" name="Scenario: User verifies login" time="0"/>
  <testcase classname="Scenario: User verifies login by passing paramters" name="Given User launch application" time="0"/>
  <testcase classname="Scenario: User verifies login by passing paramters" name="When User enter username &apos;ABC&apos;" time="0"/>
  <testcase classname="Scenario: User verifies login by passing paramters" name="And User enter password &apos;@XYZ&apos;" time="0.006">
    <failure type="java.lang.AssertionError">java.lang.AssertionError
	at org.junit.Assert.fail(Assert.java:86)
	at org.junit.Assert.fail(Assert.java:95)
	at com.cucumber.stepdefinition.StepDefintion_demo.user_enter_passwor(StepDefintion_demo.java:43)
	at ✽.And User enter password &apos;@XYZ&apos;(Cucumber_Demo.feature:18)
</failure>
    <system-out>@XYZ
</system-out>
  </testcase>
  <testcase classname="Scenario: User verifies login by passing paramters" name="Scenario: User verifies login by passing paramters" time="0.008">
    <failure type="java.lang.AssertionError">java.lang.AssertionError
	at org.junit.Assert.fail(Assert.java:86)
	at org.junit.Assert.fail(Assert.java:95)
	at com.cucumber.stepdefinition.StepDefintion_demo.user_enter_passwor(StepDefintion_demo.java:43)
	at ✽.And User enter password &apos;@XYZ&apos;(Cucumber_Demo.feature:18)
</failure>
  </testcase>
  <testcase classname="Scenario: User verifies login by passing paramters" name="Then User verifies crendentials" time="0.008">
    <skipped/>
  </testcase>
  <testcase classname="| ABC | @XYZ |" name="Given User launch application" time="0"/>
  <testcase classname="| ABC | @XYZ |" name="When User enter username &apos;ABC&apos;" time="0"/>
  <testcase classname="| ABC | @XYZ |" name="And User enter password &apos;@XYZ&apos;" time="0.001">
    <failure type="java.lang.AssertionError">java.lang.AssertionError
	at org.junit.Assert.fail(Assert.java:86)
	at org.junit.Assert.fail(Assert.java:95)
	at com.cucumber.stepdefinition.StepDefintion_demo.user_enter_passwor(StepDefintion_demo.java:43)
	at ✽.And User enter password &apos;@XYZ&apos;(Cucumber_Demo.feature:24)
</failure>
    <system-out>@XYZ
</system-out>
  </testcase>
  <testcase classname="| ABC | @XYZ |" name="| ABC | @XYZ |" time="0.001">
    <failure type="java.lang.AssertionError">java.lang.AssertionError
	at org.junit.Assert.fail(Assert.java:86)
	at org.junit.Assert.fail(Assert.java:95)
	at com.cucumber.stepdefinition.StepDefintion_demo.user_enter_passwor(StepDefintion_demo.java:43)
	at ✽.And User enter password &apos;@XYZ&apos;(Cucumber_Demo.feature:24)
</failure>
  </testcase>
  <testcase classname="| ABC | @XYZ |" name="Then User verifies crendentials" time="0.002">
    <skipped/>
  </testcase>
  <testcase classname="| MNO | @XYZ |" name="Given User launch application" time="0"/>
  <testcase classname="| MNO | @XYZ |" name="When User enter username &apos;MNO&apos;" time="0"/>
  <testcase classname="| MNO | @XYZ |" name="And User enter password &apos;@XYZ&apos;" time="0.002">
    <failure type="java.lang.AssertionError">java.lang.AssertionError
	at org.junit.Assert.fail(Assert.java:86)
	at org.junit.Assert.fail(Assert.java:95)
	at com.cucumber.stepdefinition.StepDefintion_demo.user_enter_passwor(StepDefintion_demo.java:43)
	at ✽.And User enter password &apos;@XYZ&apos;(Cucumber_Demo.feature:24)
</failure>
    <system-out>@XYZ
</system-out>
  </testcase>
  <testcase classname="| MNO | @XYZ |" name="| MNO | @XYZ |" time="0.003">
    <failure type="java.lang.AssertionError">java.lang.AssertionError
	at org.junit.Assert.fail(Assert.java:86)
	at org.junit.Assert.fail(Assert.java:95)
	at com.cucumber.stepdefinition.StepDefintion_demo.user_enter_passwor(StepDefintion_demo.java:43)
	at ✽.And User enter password &apos;@XYZ&apos;(Cucumber_Demo.feature:24)
</failure>
  </testcase>
  <testcase classname="| MNO | @XYZ |" name="Then User verifies crendentials" time="0.004">
    <skipped/>
  </testcase>
  <testcase classname="Scenario: User verifies login using list of data" name="Given User launch application" time="0.001"/>
  <testcase classname="Scenario: User verifies login using list of data" name="When User enter username and password" time="0"/>
  <testcase classname="Scenario: User verifies login using list of data" name="Then User verifies crendentials" time="0"/>
  <testcase classname="Scenario: User verifies login using list of data" name="Scenario: User verifies login using list of data" time="0.001"/>
  <testcase classname="Scenario: User verifies login using list of map" name="Given User launch application" time="0"/>
  <testcase classname="Scenario: User verifies login using list of map" name="When User enter username and password using map" time="0"/>
  <testcase classname="Scenario: User verifies login using list of map" name="Then User verifies crendentials" time="0.001"/>
  <testcase classname="Scenario: User verifies login using list of map" name="Scenario: User verifies login using list of map" time="0.002"/>
  <testcase classname="Scenario: User verifies login functionality of the application" name="Given User launch the chrome browser" time="0"/>
  <testcase classname="Scenario: User verifies login functionality of the application" name="When User hit the amazon application" time="0"/>
  <testcase classname="Scenario: User verifies login functionality of the application" name="And User mouse over the show by category menu" time="0"/>
  <testcase classname="Scenario: User verifies login functionality of the application" name="And User mouse over the mobile,application menu" time="0"/>
  <testcase classname="Scenario: User verifies login functionality of the application" name="And User mouse over the subcategory powerbank" time="0"/>
  <testcase classname="Scenario: User verifies login functionality of the application" name="And User click the subcategory powerbank" time="0"/>
  <testcase classname="Scenario: User verifies login functionality of the application" name="And User click the powerbank image" time="0"/>
  <testcase classname="Scenario: User verifies login functionality of the application" name="And User click the powerbank item" time="0"/>
  <testcase classname="Scenario: User verifies login functionality of the application" name="And User click the Add to cart" time="0"/>
  <testcase classname="Scenario: User verifies login functionality of the application" name="And User click the cart" time="0"/>
  <testcase classname="Scenario: User verifies login functionality of the application" name="Then User checkout the item" time="0"/>
  <testcase classname="Scenario: User verifies login functionality of the application" name="Scenario: User verifies login functionality of the application" time="0"/>
</testsuite>